<?xml version="1.0" encoding="UTF-8"?>
<testsuite name="functional.OptionSpec" tests="2" skipped="0" failures="0" errors="0" timestamp="2017-07-27T17:07:57" hostname="James-Dais-Mac-Pro.local" time="0.186">
  <properties/>
  <testcase name="test option" classname="functional.OptionSpec" time="0.172"/>
  <testcase name="test optional" classname="functional.OptionSpec" time="0.014"/>
  <system-out><![CDATA[]]></system-out>
  <system-err><![CDATA[]]></system-err>
</testsuite>
