<?xml version="1.0" encoding="UTF-8"?>
<testsuite name="sqlStuff.PlayWithMcSpec" tests="1" skipped="0" failures="1" errors="0" timestamp="2017-07-27T17:07:57" hostname="James-Dais-Mac-Pro.local" time="0.682">
  <properties/>
  <testcase name="spec as main: play with mc" classname="sqlStuff.PlayWithMcSpec" time="0.682">
    <failure message="Condition not satisfied:&#10;&#10;false&#10;" type="org.spockframework.runtime.ConditionNotSatisfiedError">Condition not satisfied:

false

	at sqlStuff.PlayWithMcSpec.spec as main: play with mc(PlayWithMcSpec.groovy:17)
</failure>
  </testcase>
  <system-out><![CDATA[[id:1, version:2, data_model_id:[null], date_created:2017-06-18 16:18:39.0, description:[null], last_updated:2017-06-18 16:19:11.0, latest_version_id:[null], model_catalogue_id:http://www.chemodataset.nhs.uk/, name:SACT, status:FINALIZED, version_created:2017-06-18 16:18:39.0, version_number:1]
[id:2, version:9, data_model_id:1, date_created:2017-06-18 16:18:41.0, description:Alfa-numerical characters a-z, A-Z and 0-9 of exact length of 1 characters, last_updated:2017-06-18 16:19:11.0, latest_version_id:[null], model_catalogue_id:[null], name:an1, status:FINALIZED, version_created:2017-06-18 16:18:41.0, version_number:1]
[id:3, version:12, data_model_id:[null], date_created:2017-06-18 16:18:42.0, description:[null], last_updated:2017-06-18 16:19:14.0, latest_version_id:[null], model_catalogue_id:[null], name:xs:string, status:FINALIZED, version_created:2017-06-18 16:18:42.0, version_number:1]
[id:4, version:5, data_model_id:1, date_created:2017-06-18 16:18:42.0, description:Alfa-numerical characters a-z, A-Z and 0-9 of exact length of 2 characters, last_updated:2017-06-18 16:19:11.0, latest_version_id:[null], model_catalogue_id:[null], name:an2, status:FINALIZED, version_created:2017-06-18 16:18:42.0, version_number:1]
[id:5, version:3, data_model_id:1, date_created:2017-06-18 16:18:42.0, description:Alfa-numerical characters a-z, A-Z and 0-9 of exact length of 3 characters, last_updated:2017-06-18 16:19:11.0, latest_version_id:[null], model_catalogue_id:[null], name:an3, status:FINALIZED, version_created:2017-06-18 16:18:42.0, version_number:1]
[id:6, version:4, data_model_id:1, date_created:2017-06-18 16:18:43.0, description:Alfa-numerical characters a-z, A-Z and 0-9 of exact length of 4 characters, last_updated:2017-06-18 16:19:11.0, latest_version_id:[null], model_catalogue_id:[null], name:an4, status:FINALIZED, version_created:2017-06-18 16:18:42.0, version_number:1]
[id:7, version:3, data_model_id:1, date_created:2017-06-18 16:18:43.0, description:Alfa-numerical characters a-z, A-Z and 0-9 of exact length of 5 characters, last_updated:2017-06-18 16:19:11.0, latest_version_id:[null], model_catalogue_id:[null], name:an5, status:FINALIZED, version_created:2017-06-18 16:18:43.0, version_number:1]
[id:8, version:5, data_model_id:1, date_created:2017-06-18 16:18:44.0, description:Alfa-numerical characters a-z, A-Z and 0-9 of exact length of 6 characters, last_updated:2017-06-18 16:19:11.0, latest_version_id:[null], model_catalogue_id:[null], name:an6, status:FINALIZED, version_created:2017-06-18 16:18:43.0, version_number:1]
[id:9, version:3, data_model_id:1, date_created:2017-06-18 16:18:44.0, description:Alfa-numerical characters a-z, A-Z and 0-9 of exact length of 8 characters, last_updated:2017-06-18 16:19:11.0, latest_version_id:[null], model_catalogue_id:[null], name:an8, status:FINALIZED, version_created:2017-06-18 16:18:44.0, version_number:1]
[id:10, version:3, data_model_id:1, date_created:2017-06-18 16:18:44.0, description:Alfa-numerical characters a-z, A-Z and 0-9 of length of 1 or 2 characters, last_updated:2017-06-18 16:19:12.0, latest_version_id:[null], model_catalogue_id:[null], name:an1 or an2, status:FINALIZED, version_created:2017-06-18 16:18:44.0, version_number:1]
[id:11, version:3, data_model_id:1, date_created:2017-06-18 16:18:44.0, description:Alfa-numerical characters a-z, A-Z and 0-9 of length of 3 or 5 characters, last_updated:2017-06-18 16:19:12.0, latest_version_id:[null], model_catalogue_id:[null], name:an3 or an5, status:FINALIZED, version_created:2017-06-18 16:18:44.0, version_number:1]
[id:12, version:4, data_model_id:1, date_created:2017-06-18 16:18:44.0, description:Alfa-numerical characters a-z, A-Z and 0-9 of maximal length of 35 characters, last_updated:2017-06-18 16:19:12.0, latest_version_id:[null], model_catalogue_id:[null], name:max an35, status:FINALIZED, version_created:2017-06-18 16:18:44.0, version_number:1]
[id:13, version:3, data_model_id:1, date_created:2017-06-18 16:18:45.0, description:Alfa-numerical characters a-z, A-Z and 0-9 of maximal length of 8 characters, last_updated:2017-06-18 16:19:12.0, latest_version_id:[null], model_catalogue_id:[null], name:max an8, status:FINALIZED, version_created:2017-06-18 16:18:45.0, version_number:1]
[id:14, version:9, data_model_id:1, date_created:2017-06-18 16:18:45.0, description:Date in xml format yyyy-mm-dd. Year, month and date separated by '-' e.g. 2014-12-24., last_updated:2017-06-18 16:19:12.0, latest_version_id:[null], model_catalogue_id:[null], name:an10 ccyy-mm-dd, status:FINALIZED, version_created:2017-06-18 16:18:45.0, version_number:1]
[id:15, version:3, data_model_id:[null], date_created:2017-06-18 16:18:45.0, description:[null], last_updated:2017-06-18 16:19:14.0, latest_version_id:[null], model_catalogue_id:[null], name:xs:date, status:FINALIZED, version_created:2017-06-18 16:18:45.0, version_number:1]
[id:16, version:6, data_model_id:1, date_created:2017-06-18 16:18:45.0, description:Numerical value as up to two digits., last_updated:2017-06-18 16:19:12.0, latest_version_id:[null], model_catalogue_id:[null], name:max n2, status:FINALIZED, version_created:2017-06-18 16:18:45.0, version_number:1]
[id:17, version:5, data_model_id:[null], date_created:2017-06-18 16:18:45.0, description:[null], last_updated:2017-06-18 16:19:14.0, latest_version_id:[null], model_catalogue_id:[null], name:xs:integer, status:FINALIZED, version_created:2017-06-18 16:18:45.0, version_number:1]
[id:18, version:3, data_model_id:1, date_created:2017-06-18 16:18:45.0, description:Numerical value as up to seven digits., last_updated:2017-06-18 16:19:12.0, latest_version_id:[null], model_catalogue_id:[null], name:max n7, status:FINALIZED, version_created:2017-06-18 16:18:45.0, version_number:1]
[id:19, version:3, data_model_id:1, date_created:2017-06-18 16:18:46.0, description:Numerical value as exactly ten digits., last_updated:2017-06-18 16:19:12.0, latest_version_id:[null], model_catalogue_id:[null], name:n10, status:FINALIZED, version_created:2017-06-18 16:18:45.0, version_number:1]
[id:20, version:3, data_model_id:1, date_created:2017-06-18 16:18:46.0, description:Decimal value as up to three digits followed by up to another three digits after the decimal point., last_updated:2017-06-18 16:19:12.0, latest_version_id:[null], model_catalogue_id:[null], name:max n3.max n3, status:FINALIZED, version_created:2017-06-18 16:18:46.0, version_number:1]
[id:21, version:4, data_model_id:[null], date_created:2017-06-18 16:18:46.0, description:[null], last_updated:2017-06-18 16:19:14.0, latest_version_id:[null], model_catalogue_id:[null], name:xs:decimal, status:FINALIZED, version_created:2017-06-18 16:18:46.0, version_number:1]
[id:22, version:3, data_model_id:1, date_created:2017-06-18 16:18:46.0, description:Decimal value with single digit followed by up to two digits after the decimal point., last_updated:2017-06-18 16:19:12.0, latest_version_id:[null], model_catalogue_id:[null], name:n1.max n2, status:FINALIZED, version_created:2017-06-18 16:18:46.0, version_number:1]
[id:23, version:2, data_model_id:1, date_created:2017-06-18 16:18:46.0, description:[null], last_updated:2017-06-18 16:19:13.0, latest_version_id:[null], model_catalogue_id:[null], name:Demographics and Consultant, status:FINALIZED, version_created:2017-06-18 16:18:46.0, version_number:1]
[id:24, version:2, data_model_id:1, date_created:2017-06-18 16:18:46.0, description:Numerical value as exactly ten digits., last_updated:2017-06-18 16:19:13.0, latest_version_id:[null], model_catalogue_id:[null], name:NHS NUMBER, status:FINALIZED, version_created:2017-06-18 16:18:46.0, version_number:1]
[id:25, version:3, data_model_id:1, date_created:2017-06-18 16:18:46.0, description:Primary identifier, essential for data linkage, last_updated:2017-06-18 16:19:13.0, latest_version_id:[null], model_catalogue_id:[null], name:NHS number, status:FINALIZED, version_created:2017-06-18 16:18:46.0, version_number:1]
[id:26, version:2, data_model_id:1, date_created:2017-06-18 16:18:47.0, description:Date in xml format yyyy-mm-dd. Year, month and date separated by '-' e.g. 2014-12-24., last_updated:2017-06-18 16:19:13.0, latest_version_id:[null], model_catalogue_id:[null], name:PERSON BIRTH DATE, status:FINALIZED, version_created:2017-06-18 16:18:47.0, version_number:1]
[id:27, version:3, data_model_id:1, date_created:2017-06-18 16:18:47.0, description:Secondary identifier and allows analysis of provision by age, last_updated:2017-06-18 16:19:13.0, latest_version_id:[null], model_catalogue_id:[null], name:Date of birth, status:FINALIZED, version_created:2017-06-18 16:18:47.0, version_number:1]
[id:28, version:2, data_model_id:1, date_created:2017-06-18 16:18:47.0, description:Alfa-numerical characters a-z, A-Z and 0-9 of exact length of 1 characters, last_updated:2017-06-18 16:19:13.0, latest_version_id:[null], model_catalogue_id:[null], name:PERSON GENDER CODE CURRENT, status:FINALIZED, version_created:2017-06-18 16:18:47.0, version_number:1]
[id:29, version:3, data_model_id:1, date_created:2017-06-18 16:18:47.0, description:To allow analysis by gender, last_updated:2017-06-18 16:19:13.0, latest_version_id:[null], model_catalogue_id:[null], name:Gender - current, status:FINALIZED, version_created:2017-06-18 16:18:47.0, version_number:1]
[id:30, version:2, data_model_id:1, date_created:2017-06-18 16:18:47.0, description:Alfa-numerical characters a-z, A-Z and 0-9 of exact length of 2 characters, last_updated:2017-06-18 16:19:13.0, latest_version_id:[null], model_catalogue_id:[null], name:ETHNIC CATEGORY, status:FINALIZED, version_created:2017-06-18 16:18:47.0, version_number:1]
[id:31, version:3, data_model_id:1, date_created:2017-06-18 16:18:47.0, description:To allow analysis by ethnicity using ONS categories, last_updated:2017-06-18 16:19:13.0, latest_version_id:[null], model_catalogue_id:[null], name:Ethnicity, status:FINALIZED, version_created:2017-06-18 16:18:47.0, version_number:1]
[id:32, version:2, data_model_id:1, date_created:2017-06-18 16:18:47.0, description:Alfa-numerical characters a-z, A-Z and 0-9 of maximal length of 8 characters, last_updated:2017-06-18 16:19:13.0, latest_version_id:[null], model_catalogue_id:[null], name:POSTCODE OF USUAL ADDRESS, status:FINALIZED, version_created:2017-06-18 16:18:47.0, version_number:1]
[id:33, version:3, data_model_id:1, date_created:2017-06-18 16:18:47.0, description:To allow analysis of geographical patterns of care, last_updated:2017-06-18 16:19:13.0, latest_version_id:[null], model_catalogue_id:[null], name:Patient postcode, status:FINALIZED, version_created:2017-06-18 16:18:47.0, version_number:1]
[id:34, version:2, data_model_id:1, date_created:2017-06-18 16:18:47.0, description:Alfa-numerical characters a-z, A-Z and 0-9 of exact length of 6 characters, last_updated:2017-06-18 16:19:13.0, latest_version_id:[null], model_catalogue_id:[null], name:GENERAL MEDICAL PRACTICE CODE (PATIENT REGISTRATION), status:FINALIZED, version_created:2017-06-18 16:18:47.0, version_number:1]
[id:35, version:3, data_model_id:1, date_created:2017-06-18 16:18:47.0, description:This allows reporting of commissioning, last_updated:2017-06-18 16:19:13.0, latest_version_id:[null], model_catalogue_id:[null], name:Registered GP practice code, status:FINALIZED, version_created:2017-06-18 16:18:47.0, version_number:1]
[id:36, version:2, data_model_id:1, date_created:2017-06-18 16:18:47.0, description:Alfa-numerical characters a-z, A-Z and 0-9 of exact length of 8 characters, last_updated:2017-06-18 16:19:13.0, latest_version_id:[null], model_catalogue_id:[null], name:CONSULTANT CODE (INITIATED SYSTEMIC ANTI-CANCER THERAPY), status:FINALIZED, version_created:2017-06-18 16:18:47.0, version_number:1]
[id:37, version:3, data_model_id:1, date_created:2017-06-18 16:18:47.0, description:This allows identification of consultant team and patterns of management, last_updated:2017-06-18 16:19:13.0, latest_version_id:[null], model_catalogue_id:[null], name:Consultant GMC code, status:FINALIZED, version_created:2017-06-18 16:18:47.0, version_number:1]
[id:38, version:2, data_model_id:1, date_created:2017-06-18 16:18:48.0, description:Alfa-numerical characters a-z, A-Z and 0-9 of exact length of 3 characters, last_updated:2017-06-18 16:19:13.0, latest_version_id:[null], model_catalogue_id:[null], name:CARE PROFESSIONAL MAIN SPECIALTY CODE, status:FINALIZED, version_created:2017-06-18 16:18:48.0, version_number:1]
[id:39, version:3, data_model_id:1, date_created:2017-06-18 16:18:48.0, description:This facilitates analysis by speciality, last_updated:2017-06-18 16:19:13.0, latest_version_id:[null], model_catalogue_id:[null], name:Consultant speciality code, status:FINALIZED, version_created:2017-06-18 16:18:48.0, version_number:1]
[id:40, version:2, data_model_id:1, date_created:2017-06-18 16:18:48.0, description:Alfa-numerical characters a-z, A-Z and 0-9 of length of 3 or 5 characters, last_updated:2017-06-18 16:19:13.0, latest_version_id:[null], model_catalogue_id:[null], name:ORGANISATION CODE (CODE OF PROVIDER), status:FINALIZED, version_created:2017-06-18 16:18:48.0, version_number:1]
[id:41, version:3, data_model_id:1, date_created:2017-06-18 16:18:48.0, description:This may change throughout a regimen. Allows analysis by provider, last_updated:2017-06-18 16:19:13.0, latest_version_id:[null], model_catalogue_id:[null], name:Organisation code of provider, status:FINALIZED, version_created:2017-06-18 16:18:48.0, version_number:1]
[id:42, version:2, data_model_id:1, date_created:2017-06-18 16:18:48.0, description:[null], last_updated:2017-06-18 16:19:13.0, latest_version_id:[null], model_catalogue_id:[null], name:Clinical Status, status:FINALIZED, version_created:2017-06-18 16:18:48.0, version_number:1]
[id:43, version:2, data_model_id:1, date_created:2017-06-18 16:18:48.0, description:Alfa-numerical characters a-z, A-Z and 0-9 of exact length of 6 characters, last_updated:2017-06-18 16:19:13.0, latest_version_id:[null], model_catalogue_id:[null], name:PRIMARY DIAGNOSIS(ICD AT START SYSTEMIC ANTI - CANCER THERAPY), status:FINALIZED, version_created:2017-06-18 16:18:48.0, version_number:1]
[id:44, version:3, data_model_id:1, date_created:2017-06-18 16:18:48.0, description:ICD - 10: To allow for analysis by tumour site, last_updated:2017-06-18 16:19:13.0, latest_version_id:[null], model_catalogue_id:[null], name:Primary diagnosis(ICD - 10), status:FINALIZED, version_created:2017-06-18 16:18:48.0, version_number:1]
[id:45, version:2, data_model_id:1, date_created:2017-06-18 16:18:48.0, description:Alfa-numerical characters a-z, A-Z and 0-9 of exact length of 6 characters, last_updated:2017-06-18 16:19:13.0, latest_version_id:[null], model_catalogue_id:[null], name:MORPHOLOGY(ICD - O AT START SYSTEMIC ANTI - CANCER THERAPY), status:FINALIZED, version_created:2017-06-18 16:18:48.0, version_number:1]
[id:46, version:3, data_model_id:1, date_created:2017-06-18 16:18:49.0, description:ICD - O3: Is essential for some tumour sites e.g.haematology and lung, where ICD - 10 is inadequate, last_updated:2017-06-18 16:19:13.0, latest_version_id:[null], model_catalogue_id:[null], name:Morphology, status:FINALIZED, version_created:2017-06-18 16:18:48.0, version_number:1]
[id:47, version:2, data_model_id:1, date_created:2017-06-18 16:18:49.0, description:Alfa-numerical characters a-z, A-Z and 0-9 of exact length of 5 characters, last_updated:2017-06-18 16:19:13.0, latest_version_id:[null], model_catalogue_id:[null], name:TNM CATEGORY(FINAL PRETREATMENT), status:FINALIZED, version_created:2017-06-18 16:18:49.0, version_number:1]
[id:48, version:3, data_model_id:1, date_created:2017-06-18 16:18:49.0, description:To allow analysis by stage, which is essential for outcome analysis, last_updated:2017-06-18 16:19:13.0, latest_version_id:[null], model_catalogue_id:[null], name:Stage of disease, status:FINALIZED, version_created:2017-06-18 16:18:49.0, version_number:1]
[id:49, version:2, data_model_id:1, date_created:2017-06-18 16:18:49.0, description:[null], last_updated:2017-06-18 16:19:13.0, latest_version_id:[null], model_catalogue_id:[null], name:Programme and Regimen, status:FINALIZED, version_created:2017-06-18 16:18:49.0, version_number:1]
[id:50, version:2, data_model_id:1, date_created:2017-06-18 16:18:49.0, description:Numerical value as up to two digits., last_updated:2017-06-18 16:19:13.0, latest_version_id:[null], model_catalogue_id:[null], name:SYSTEMIC ANTI-CANCER THERAPY PROGRAMME NUMBER, status:FINALIZED, version_created:2017-06-18 16:18:49.0, version_number:1]
[id:51, version:3, data_model_id:1, date_created:2017-06-18 16:18:49.0, description:To allow for sequential analysis of patient care, may start at any number to account for previous treatment and is unique to each patient, last_updated:2017-06-18 16:19:13.0, latest_version_id:[null], model_catalogue_id:[null], name:Programme number, status:FINALIZED, version_created:2017-06-18 16:18:49.0, version_number:1]
[id:52, version:2, data_model_id:1, date_created:2017-06-18 16:18:49.0, description:Numerical value as up to two digits., last_updated:2017-06-18 16:19:13.0, latest_version_id:[null], model_catalogue_id:[null], name:ANTI-CANCER REGIMEN NUMBER, status:FINALIZED, version_created:2017-06-18 16:18:49.0, version_number:1]
[id:53, version:3, data_model_id:1, date_created:2017-06-18 16:18:49.0, description:To allow for sequential analysis of patient care, may start at any number to account for previous treatment and is unique to each patient, last_updated:2017-06-18 16:19:13.0, latest_version_id:[null], model_catalogue_id:[null], name:Regimen number, status:FINALIZED, version_created:2017-06-18 16:18:49.0, version_number:1]
[id:54, version:2, data_model_id:1, date_created:2017-06-18 16:18:49.0, description:Alfa-numerical characters a-z, A-Z and 0-9 of exact length of 1 characters, last_updated:2017-06-18 16:19:13.0, latest_version_id:[null], model_catalogue_id:[null], name:DRUG TREATMENT INTENT, status:FINALIZED, version_created:2017-06-18 16:18:49.0, version_number:1]
[id:55, version:3, data_model_id:1, date_created:2017-06-18 16:18:49.0, description:To allow analysis by treatment intent, last_updated:2017-06-18 16:19:13.0, latest_version_id:[null], model_catalogue_id:[null], name:Intent of treatment, status:FINALIZED, version_created:2017-06-18 16:18:49.0, version_number:1]
[id:56, version:2, data_model_id:1, date_created:2017-06-18 16:18:49.0, description:Alfa-numerical characters a-z, A-Z and 0-9 of maximal length of 35 characters, last_updated:2017-06-18 16:19:13.0, latest_version_id:[null], model_catalogue_id:[null], name:DRUG REGIMEN ACRONYM, status:FINALIZED, version_created:2017-06-18 16:18:49.0, version_number:1]
[id:57, version:3, data_model_id:1, date_created:2017-06-18 16:18:49.0, description:To be consistent with the National Regimen List (when established), last_updated:2017-06-18 16:19:13.0, latest_version_id:[null], model_catalogue_id:[null], name:Regimen, status:FINALIZED, version_created:2017-06-18 16:18:49.0, version_number:1]
[id:58, version:2, data_model_id:1, date_created:2017-06-18 16:18:49.0, description:Decimal value with single digit followed by up to two digits after the decimal point., last_updated:2017-06-18 16:19:13.0, latest_version_id:[null], model_catalogue_id:[null], name:PERSON HEIGHT IN METRES, status:FINALIZED, version_created:2017-06-18 16:18:49.0, version_number:1]
[id:59, version:3, data_model_id:1, date_created:2017-06-18 16:18:49.0, description:To allow comparison of dose by metre², last_updated:2017-06-18 16:19:13.0, latest_version_id:[null], model_catalogue_id:[null], name:Height at start of regimen, status:FINALIZED, version_created:2017-06-18 16:18:49.0, version_number:1]
[id:60, version:2, data_model_id:1, date_created:2017-06-18 16:18:49.0, description:Decimal value as up to three digits followed by up to another three digits after the decimal point., last_updated:2017-06-18 16:19:13.0, latest_version_id:[null], model_catalogue_id:[null], name:PERSON WEIGHT, status:FINALIZED, version_created:2017-06-18 16:18:49.0, version_number:1]
[id:61, version:3, data_model_id:1, date_created:2017-06-18 16:18:49.0, description:To allow comparison of dose by metre², last_updated:2017-06-18 16:19:13.0, latest_version_id:[null], model_catalogue_id:[null], name:Weight at start of regimen, status:FINALIZED, version_created:2017-06-18 16:18:49.0, version_number:1]
[id:62, version:2, data_model_id:1, date_created:2017-06-18 16:18:49.0, description:Alfa-numerical characters a-z, A-Z and 0-9 of length of 1 or 2 characters, last_updated:2017-06-18 16:19:13.0, latest_version_id:[null], model_catalogue_id:[null], name:PERFORMANCE STATUS FOR (ADULT) or PERFORMANCE STATUS CODE (YOUNG PERSON), status:FINALIZED, version_created:2017-06-18 16:18:49.0, version_number:1]
[id:63, version:3, data_model_id:1, date_created:2017-06-18 16:18:49.0, description:WHO or Lansky - to allow casemix adjusted analysis, last_updated:2017-06-18 16:19:13.0, latest_version_id:[null], model_catalogue_id:[null], name:Performance status at start of regimen, status:FINALIZED, version_created:2017-06-18 16:18:49.0, version_number:1]
[id:64, version:2, data_model_id:1, date_created:2017-06-18 16:18:49.0, description:Alfa-numerical characters a-z, A-Z and 0-9 of exact length of 1 characters, last_updated:2017-06-18 16:19:13.0, latest_version_id:[null], model_catalogue_id:[null], name:CO-MORBIDITY ADJUSTMENT INDICATOR, status:FINALIZED, version_created:2017-06-18 16:18:49.0, version_number:1]
[id:65, version:3, data_model_id:1, date_created:2017-06-18 16:18:49.0, description:Yes/no -to allow casemix adjusted analysis, last_updated:2017-06-18 16:19:13.0, latest_version_id:[null], model_catalogue_id:[null], name:Co-morbidity adjustment, status:FINALIZED, version_created:2017-06-18 16:18:49.0, version_number:1]
[id:66, version:2, data_model_id:1, date_created:2017-06-18 16:18:49.0, description:Date in xml format yyyy-mm-dd. Year, month and date separated by '-' e.g. 2014-12-24., last_updated:2017-06-18 16:19:13.0, latest_version_id:[null], model_catalogue_id:[null], name: DECISION TO TREAT DATE (ANTI-CANCER DRUG REGIMEN), status:FINALIZED, version_created:2017-06-18 16:18:49.0, version_number:1]
[id:67, version:3, data_model_id:1, date_created:2017-06-18 16:18:49.0, description:To allow analysis of wait before treatment start, last_updated:2017-06-18 16:19:13.0, latest_version_id:[null], model_catalogue_id:[null], name:Date decision to treat, status:FINALIZED, version_created:2017-06-18 16:18:49.0, version_number:1]
[id:68, version:2, data_model_id:1, date_created:2017-06-18 16:18:49.0, description:Date in xml format yyyy-mm-dd. Year, month and date separated by '-' e.g. 2014-12-24., last_updated:2017-06-18 16:19:13.0, latest_version_id:[null], model_catalogue_id:[null], name:START DATE ANTI- CANCER DRUG REGIMEN, status:FINALIZED, version_created:2017-06-18 16:18:49.0, version_number:1]
[id:69, version:3, data_model_id:1, date_created:2017-06-18 16:18:49.0, description:To allow analysis by time period, last_updated:2017-06-18 16:19:13.0, latest_version_id:[null], model_catalogue_id:[null], name:Start date of regimen, status:FINALIZED, version_created:2017-06-18 16:18:49.0, version_number:1]
[id:70, version:2, data_model_id:1, date_created:2017-06-18 16:18:50.0, description:Alfa-numerical characters a-z, A-Z and 0-9 of exact length of 2 characters, last_updated:2017-06-18 16:19:13.0, latest_version_id:[null], model_catalogue_id:[null], name:CLINICAL TRIAL INDICATOR, status:FINALIZED, version_created:2017-06-18 16:18:50.0, version_number:1]
[id:71, version:3, data_model_id:1, date_created:2017-06-18 16:18:50.0, description:Yes/no -to identify chemotherapy given within clinical trials, last_updated:2017-06-18 16:19:13.0, latest_version_id:[null], model_catalogue_id:[null], name:Clinical trial, status:FINALIZED, version_created:2017-06-18 16:18:50.0, version_number:1]
[id:72, version:2, data_model_id:1, date_created:2017-06-18 16:18:50.0, description:Alfa-numerical characters a-z, A-Z and 0-9 of exact length of 1 characters, last_updated:2017-06-18 16:19:13.0, latest_version_id:[null], model_catalogue_id:[null], name:CHEMO-RADIATION INDICATOR, status:FINALIZED, version_created:2017-06-18 16:18:50.0, version_number:1]
[id:73, version:3, data_model_id:1, date_created:2017-06-18 16:18:50.0, description:Yes/no - to identify use of chemo-radiation, only used where this is a recognised treatment regimen, last_updated:2017-06-18 16:19:13.0, latest_version_id:[null], model_catalogue_id:[null], name:Chemo-radiation, status:FINALIZED, version_created:2017-06-18 16:18:50.0, version_number:1]
[id:74, version:2, data_model_id:1, date_created:2017-06-18 16:18:50.0, description:Numerical value as up to two digits., last_updated:2017-06-18 16:19:13.0, latest_version_id:[null], model_catalogue_id:[null], name:NUMBER OF SYSTEMIC ANTI-CANCER THERAPY CYCLES PLANNED, status:FINALIZED, version_created:2017-06-18 16:18:50.0, version_number:1]
[id:75, version:3, data_model_id:1, date_created:2017-06-18 16:18:50.0, description:To allow comparison with number of cycles actually given. Not necessarily relevant for palliative treatment, last_updated:2017-06-18 16:19:13.0, latest_version_id:[null], model_catalogue_id:[null], name:Number of cycles planned, status:FINALIZED, version_created:2017-06-18 16:18:50.0, version_number:1]
[id:76, version:2, data_model_id:1, date_created:2017-06-18 16:18:50.0, description:[null], last_updated:2017-06-18 16:19:13.0, latest_version_id:[null], model_catalogue_id:[null], name:Cycle, status:FINALIZED, version_created:2017-06-18 16:18:50.0, version_number:1]
[id:77, version:2, data_model_id:1, date_created:2017-06-18 16:18:50.0, description:Numerical value as up to two digits., last_updated:2017-06-18 16:19:13.0, latest_version_id:[null], model_catalogue_id:[null], name:ANTI-CANCER DRUG CYCLE IDENTIFIER, status:FINALIZED, version_created:2017-06-18 16:18:50.0, version_number:1]
[id:78, version:3, data_model_id:1, date_created:2017-06-18 16:18:50.0, description:Sequential within each regimen and indicates the patient's progress through the regimen, last_updated:2017-06-18 16:19:13.0, latest_version_id:[null], model_catalogue_id:[null], name:Cycle number, status:FINALIZED, version_created:2017-06-18 16:18:50.0, version_number:1]
[id:79, version:2, data_model_id:1, date_created:2017-06-18 16:18:50.0, description:Date in xml format yyyy-mm-dd. Year, month and date separated by '-' e.g. 2014-12-24., last_updated:2017-06-18 16:19:13.0, latest_version_id:[null], model_catalogue_id:[null], name:START DATE (SYSTEMIC ANTI-CANCER DRUG CYCLE), status:FINALIZED, version_created:2017-06-18 16:18:50.0, version_number:1]
[id:80, version:3, data_model_id:1, date_created:2017-06-18 16:18:50.0, description:The date of the first administration in each cycle, last_updated:2017-06-18 16:19:13.0, latest_version_id:[null], model_catalogue_id:[null], name:Start date of cycle, status:FINALIZED, version_created:2017-06-18 16:18:50.0, version_number:1]
[id:81, version:3, data_model_id:1, date_created:2017-06-18 16:18:50.0, description:Where relevant to allow for recalculation of dose, last_updated:2017-06-18 16:19:13.0, latest_version_id:[null], model_catalogue_id:[null], name:Weight at start of cycle, status:FINALIZED, version_created:2017-06-18 16:18:50.0, version_number:1]
[id:82, version:3, data_model_id:1, date_created:2017-06-18 16:18:50.0, description:To assess patient's suitability for further treatment, last_updated:2017-06-18 16:19:13.0, latest_version_id:[null], model_catalogue_id:[null], name:Performance status at start of cycle, status:FINALIZED, version_created:2017-06-18 16:18:50.0, version_number:1]
[id:83, version:2, data_model_id:1, date_created:2017-06-18 16:18:50.0, description:Alfa-numerical characters a-z, A-Z and 0-9 of exact length of 4 characters, last_updated:2017-06-18 16:19:13.0, latest_version_id:[null], model_catalogue_id:[null], name:To await final decision on PbR structure, status:FINALIZED, version_created:2017-06-18 16:18:50.0, version_number:1]
[id:84, version:3, data_model_id:1, date_created:2017-06-18 16:18:50.0, description:PRIMARY PROCEDURE (OPCS), last_updated:2017-06-18 16:19:13.0, latest_version_id:[null], model_catalogue_id:[null], name:OPCS procurement code, status:FINALIZED, version_created:2017-06-18 16:18:50.0, version_number:1]
[id:85, version:2, data_model_id:1, date_created:2017-06-18 16:18:50.0, description:[null], last_updated:2017-06-18 16:19:13.0, latest_version_id:[null], model_catalogue_id:[null], name:Drug Details, status:FINALIZED, version_created:2017-06-18 16:18:50.0, version_number:1]
[id:86, version:2, data_model_id:1, date_created:2017-06-18 16:18:50.0, description:Alfa-numerical characters a-z, A-Z and 0-9 of maximal length of 35 characters, last_updated:2017-06-18 16:19:13.0, latest_version_id:[null], model_catalogue_id:[null], name:SYSTEMIC ANTI-CANCER DRUG NAME, status:FINALIZED, version_created:2017-06-18 16:18:50.0, version_number:1]
[id:87, version:3, data_model_id:1, date_created:2017-06-18 16:18:50.0, description:This is the approved name in the BNF. It identifies individual drug usage, last_updated:2017-06-18 16:19:13.0, latest_version_id:[null], model_catalogue_id:[null], name:Drug name, status:FINALIZED, version_created:2017-06-18 16:18:50.0, version_number:1]
[id:88, version:2, data_model_id:1, date_created:2017-06-18 16:18:50.0, description:Numerical value as up to seven digits., last_updated:2017-06-18 16:19:13.0, latest_version_id:[null], model_catalogue_id:[null], name:CHEMOTHERAPY ACTUAL DOSE, status:FINALIZED, version_created:2017-06-18 16:18:50.0, version_number:1]
[id:89, version:3, data_model_id:1, date_created:2017-06-18 16:18:50.0, description:For oral regimens this is the daily dose. Allows calculation of cumulative dose per patient and global drug usage, last_updated:2017-06-18 16:19:13.0, latest_version_id:[null], model_catalogue_id:[null], name:Actual dose per administration, status:FINALIZED, version_created:2017-06-18 16:18:50.0, version_number:1]
[id:90, version:2, data_model_id:1, date_created:2017-06-18 16:18:50.0, description:Alfa-numerical characters a-z, A-Z and 0-9 of exact length of 2 characters, last_updated:2017-06-18 16:19:13.0, latest_version_id:[null], model_catalogue_id:[null], name:SYSTEMIC ANTI-CANCER THERAPY DRUG ROUTE OF ADMINISTRATION, status:FINALIZED, version_created:2017-06-18 16:18:50.0, version_number:1]
[id:91, version:3, data_model_id:1, date_created:2017-06-18 16:18:50.0, description:Pick list - to allow analysis by route of administration for each drug, last_updated:2017-06-18 16:19:13.0, latest_version_id:[null], model_catalogue_id:[null], name:Administration route, status:FINALIZED, version_created:2017-06-18 16:18:50.0, version_number:1]
[id:92, version:2, data_model_id:1, date_created:2017-06-18 16:18:50.0, description:Date in xml format yyyy-mm-dd. Year, month and date separated by '-' e.g. 2014-12-24., last_updated:2017-06-18 16:19:13.0, latest_version_id:[null], model_catalogue_id:[null], name:SYSTEMIC ANTI-CANCER THERAPY ADMINISTRATION DATE, status:FINALIZED, version_created:2017-06-18 16:18:50.0, version_number:1]
[id:93, version:3, data_model_id:1, date_created:2017-06-18 16:18:50.0, description:The date of actual administration, last_updated:2017-06-18 16:19:13.0, latest_version_id:[null], model_catalogue_id:[null], name:Administration date, status:FINALIZED, version_created:2017-06-18 16:18:50.0, version_number:1]
[id:94, version:2, data_model_id:1, date_created:2017-06-18 16:18:50.0, description:Alfa-numerical characters a-z, A-Z and 0-9 of exact length of 4 characters, last_updated:2017-06-18 16:19:13.0, latest_version_id:[null], model_catalogue_id:[null], name:PRIMARY PROCEDURE (OPCS), status:FINALIZED, version_created:2017-06-18 16:18:50.0, version_number:1]
[id:95, version:3, data_model_id:1, date_created:2017-06-18 16:18:50.0, description:To await final decision on PbR structure, last_updated:2017-06-18 16:19:13.0, latest_version_id:[null], model_catalogue_id:[null], name:OPCS delivery code, status:FINALIZED, version_created:2017-06-18 16:18:50.0, version_number:1]
[id:96, version:2, data_model_id:1, date_created:2017-06-18 16:18:51.0, description:[null], last_updated:2017-06-18 16:19:13.0, latest_version_id:[null], model_catalogue_id:[null], name:Outcome, status:FINALIZED, version_created:2017-06-18 16:18:51.0, version_number:1]
[id:97, version:2, data_model_id:1, date_created:2017-06-18 16:18:51.0, description:Date in xml format yyyy-mm-dd. Year, month and date separated by '-' e.g. 2014-12-24., last_updated:2017-06-18 16:19:13.0, latest_version_id:[null], model_catalogue_id:[null], name:START DATE (FINAL SYSTEMIC ANTI-CANCER THERAPY), status:FINALIZED, version_created:2017-06-18 16:18:51.0, version_number:1]
[id:98, version:3, data_model_id:1, date_created:2017-06-18 16:18:51.0, description:Date of the start of the final cycle, last_updated:2017-06-18 16:19:13.0, latest_version_id:[null], model_catalogue_id:[null], name:Date of final treatment, status:FINALIZED, version_created:2017-06-18 16:18:51.0, version_number:1]
[id:99, version:2, data_model_id:1, date_created:2017-06-18 16:18:51.0, description:Alfa-numerical characters a-z, A-Z and 0-9 of exact length of 1 characters, last_updated:2017-06-18 16:19:13.0, latest_version_id:[null], model_catalogue_id:[null], name:SYSTEMIC ANTI-CANCER THERAPY REGIMEN MODIFICATION INDICATOR (DOSE REDUCTION), status:FINALIZED, version_created:2017-06-18 16:18:51.0, version_number:1]
[id:100, version:3, data_model_id:1, date_created:2017-06-18 16:18:51.0, description:Yes/no - where a dose of any SACT drug is reduced at any cycle, last_updated:2017-06-18 16:19:13.0, latest_version_id:[null], model_catalogue_id:[null], name:Regimen modification - dose reduction, status:FINALIZED, version_created:2017-06-18 16:18:51.0, version_number:1]
]]></system-out>
  <system-err><![CDATA[Thu Jul 27 18:07:57 BST 2017 WARN: Establishing SSL connection without server's identity verification is not recommended. According to MySQL 5.5.45+, 5.6.26+ and 5.7.6+ requirements SSL connection must be established by default if explicit option isn't set. For compliance with existing applications not using SSL the verifyServerCertificate property is set to 'false'. You need either to explicitly disable SSL by setting useSSL=false, or set useSSL=true and provide truststore for server certificate verification.
]]></system-err>
</testsuite>
